Import de flux depart : 13/05/2012 16:09:31
[DOSSIER] Creation Graphisme
[FLUX] Creation Country... 
[FLUX] Parsage du flux : OK
[FLUX] Creation You The Designer... 
[FLUX] Parsage du flux : OK
[FLUX] Creation Notes Log... 
[FLUX] Parsage du flux : OK
[FLUX] Creation Le blog de nesk, illustrateur freelance, portfolio sur www.neskoncept.com... 
[FLUX] Parsage du flux : OK
[FLUX] Creation webtoolkit4.me... 
[FLUX] Parsage du flux : OK
[FLUX] Creation Web Designer Wall - Design Trends and Tutorials... 
[FLUX] Parsage du flux : OK
[FLUX] Creation Effair (remiprevost.com) — tous les billets... 
[FLUX] Parsage du flux : OK
[FLUX] Creation Dezinerfolio... 
[FLUX] Parsage du flux : OK

[DOSSIER] Creation Dev
[FLUX] Creation Web.AppStorm... 
[FLUX] Parsage du flux : OK
[FLUX] Creation Planet auto-hébergement... 
[FLUX] Parsage du flux : OK
[FLUX] Creation Best content in MoodleLab | Diigo - Groups... 
[FLUX] Parsage du flux : OK
[FLUX] Creation css4design.com | Le blogzine du designer web... 
[FLUX] Parsage du flux : OK
[FLUX] Creation La Mare du Gof... 
[FLUX] Parsage du flux : OK
[FLUX] Creation Kload... 
[FLUX] Parsage du flux : OK
[FLUX] Creation Alessandri Olivier... 
[FLUX] Parsage du flux : OK
[FLUX] Creation Johan BLEUZEN... 
[FLUX] Parsage du flux : OK
[FLUX] Creation Fredzone... 
[FLUX] Parsage du flux : OK
[FLUX] Creation Le Journal du Geek... 
[FLUX] Parsage du flux : OK
[FLUX] Creation Gizmodo... 
[FLUX] Parsage du flux : OK
[FLUX] Creation AcideBase... 
[FLUX] Parsage du flux : OK
[FLUX] Creation Korben... 
[FLUX] Parsage du flux : OK
[FLUX] Creation MANGE TA MAIN!... 
[FLUX] Parsage du flux : OK
[FLUX] Creation Plug n Geek... 
[FLUX] Parsage du flux : OK
[FLUX] Creation Les moutons enragés... 
[FLUX] Parsage du flux : OK
[FLUX] Creation aryo... 
[FLUX] Parsage du flux : OK
[FLUX] Creation Framablog... 
[FLUX] Parsage du flux : OK
[FLUX] Creation Même pas mal!... 
[FLUX] Parsage du flux : OK
[FLUX] Creation Scout123... 
[FLUX] Parsage du flux : OK
[FLUX] Creation CatsWhoCode.com... 
[FLUX] Parsage du flux : OK
[FLUX] Creation Rue89 : A la Une... 
[FLUX] Parsage du flux : OK
[FLUX] Creation Ingnu... 
[FLUX] Parsage du flux : OK
[FLUX] Creation Miximum... 
[FLUX] Parsage du flux : OK
[FLUX] Creation yensdesign - Tutorials, Web Design and Coding... 
[FLUX] Parsage du flux : OK
[FLUX] Creation PostBlue... 
[FLUX] Parsage du flux : OK
[FLUX] Creation sebsauvage.net... 
[FLUX] Parsage du flux : OK
[FLUX] Creation Le Geek Pauvre... 
[FLUX] Parsage du flux : OK
[FLUX] Creation Jarod xXx Developpeur web 2.0... 
[FLUX] Parsage du flux : OK
[FLUX] Creation djul.info... 
[FLUX] Parsage du flux : OK
[FLUX] Creation Clém4541 | Blog... 
[FLUX] Parsage du flux : OK
[FLUX] Creation pixey.de... 
[FLUX] Parsage du flux : OK
[FLUX] Creation Les intégristes... 
[FLUX] Parsage du flux : OK
[FLUX] Creation Css,feuilles de style, php, webdesign rss, news et Chroniques sur Excargot Lounge... 
[FLUX] Parsage du flux : NOK
[FLUX] Creation GuruMeditation... 
[FLUX] Parsage du flux : OK
[FLUX] Creation Tutorialzine... 
[FLUX] Parsage du flux : OK
[FLUX] Creation WebAppers... 
[FLUX] Parsage du flux : OK
[FLUX] Creation TDC... 
[FLUX] Parsage du flux : OK
[FLUX] Creation Mes liens - Le hollandais volant... 
[FLUX] Parsage du flux : OK
[FLUX] Creation PapyGeek... 
[FLUX] Parsage du flux : OK

[DOSSIER] Creation Buzz
[FLUX] Creation Actualité insolite et humour... 
[FLUX] Parsage du flux : NOK
[FLUX] Creation Buzz and people... 
[FLUX] Parsage du flux : OK

Import de flux fin : 13/05/2012 16:11:30
Import de flux depart : 13/05/2012 16:19:34
[DOSSIER] Creation Graphisme
[FLUX] Creation Country... 
[FLUX] Parsage du flux : OK
[FLUX] Creation You The Designer... 
[FLUX] Parsage du flux : OK
[FLUX] Creation Notes Log... 
[FLUX] Parsage du flux : OK
[FLUX] Creation Le blog de nesk, illustrateur freelance, portfolio sur www.neskoncept.com... 
[FLUX] Parsage du flux : OK
[FLUX] Creation webtoolkit4.me... 
[FLUX] Parsage du flux : OK
[FLUX] Creation Web Designer Wall - Design Trends and Tutorials... 
[FLUX] Parsage du flux : OK
[FLUX] Creation Effair (remiprevost.com) — tous les billets... 
[FLUX] Parsage du flux : OK
[FLUX] Creation Dezinerfolio... 
[FLUX] Parsage du flux : OK

[DOSSIER] Creation Dev
[FLUX] Creation Web.AppStorm... 
[FLUX] Parsage du flux : OK
[FLUX] Creation Planet auto-hébergement... 
[FLUX] Parsage du flux : OK
[FLUX] Creation Best content in MoodleLab | Diigo - Groups... 
[FLUX] Parsage du flux : OK
[FLUX] Creation css4design.com | Le blogzine du designer web... 
[FLUX] Parsage du flux : OK
[FLUX] Creation La Mare du Gof... 
[FLUX] Parsage du flux : OK
[FLUX] Creation Kload... 
[FLUX] Parsage du flux : OK
[FLUX] Creation Alessandri Olivier... 
[FLUX] Parsage du flux : OK
[FLUX] Creation Johan BLEUZEN... 
[FLUX] Parsage du flux : OK
[FLUX] Creation Fredzone... 
[FLUX] Parsage du flux : OK
[FLUX] Creation Le Journal du Geek... 
[FLUX] Parsage du flux : OK
[FLUX] Creation Gizmodo... 
[FLUX] Parsage du flux : OK
[FLUX] Creation AcideBase... 
[FLUX] Parsage du flux : OK
[FLUX] Creation Korben... 
[FLUX] Parsage du flux : OK
[FLUX] Creation MANGE TA MAIN!... 
[FLUX] Parsage du flux : OK
[FLUX] Creation Plug n Geek... 
[FLUX] Parsage du flux : OK
[FLUX] Creation Les moutons enragés... 
[FLUX] Parsage du flux : OK
[FLUX] Creation aryo... 
[FLUX] Parsage du flux : OK
[FLUX] Creation Framablog... 
[FLUX] Parsage du flux : OK
[FLUX] Creation Même pas mal!... 
[FLUX] Parsage du flux : OK
[FLUX] Creation Scout123... 
[FLUX] Parsage du flux : OK
[FLUX] Creation CatsWhoCode.com... 
[FLUX] Parsage du flux : OK
[FLUX] Creation Rue89 : A la Une... 
[FLUX] Parsage du flux : OK
[FLUX] Creation Ingnu... 
[FLUX] Parsage du flux : OK
[FLUX] Creation Miximum... 
[FLUX] Parsage du flux : OK
[FLUX] Creation yensdesign - Tutorials, Web Design and Coding... 
[FLUX] Parsage du flux : OK
[FLUX] Creation PostBlue... 
[FLUX] Parsage du flux : OK
[FLUX] Creation sebsauvage.net... 
[FLUX] Parsage du flux : OK
[FLUX] Creation Le Geek Pauvre... 
[FLUX] Parsage du flux : OK
[FLUX] Creation Jarod xXx Developpeur web 2.0... 
[FLUX] Parsage du flux : OK
[FLUX] Creation djul.info... 
[FLUX] Parsage du flux : OK
[FLUX] Creation Clém4541 | Blog... 
[FLUX] Parsage du flux : OK
[FLUX] Creation pixey.de... 
[FLUX] Parsage du flux : OK
[FLUX] Creation Les intégristes... 
[FLUX] Parsage du flux : OK
[FLUX] Creation Css,feuilles de style, php, webdesign rss, news et Chroniques sur Excargot Lounge... 
[FLUX] Parsage du flux : NOK
[FLUX] Creation GuruMeditation... 
[FLUX] Parsage du flux : OK
[FLUX] Creation Tutorialzine... 
[FLUX] Parsage du flux : OK
[FLUX] Creation WebAppers... 
[FLUX] Parsage du flux : OK
[FLUX] Creation TDC... 
[FLUX] Parsage du flux : OK
[FLUX] Creation Mes liens - Le hollandais volant... 
[FLUX] Parsage du flux : OK
[FLUX] Creation PapyGeek... 
[FLUX] Parsage du flux : OK

[DOSSIER] Creation Buzz
[FLUX] Creation Actualité insolite et humour... 
[FLUX] Parsage du flux : NOK
[FLUX] Creation Buzz and people... 
[FLUX] Parsage du flux : OK

Import de flux fin : 13/05/2012 16:21:36
Import de flux depart : 13/05/2012 16:27:28
[DOSSIER] Creation Graphisme
[FLUX] Creation Country... 
[FLUX] Parsage du flux : OK
[FLUX] Creation You The Designer... 
[FLUX] Parsage du flux : OK
[FLUX] Creation Notes Log... 
[FLUX] Parsage du flux : OK
[FLUX] Creation Le blog de nesk, illustrateur freelance, portfolio sur www.neskoncept.com... 
[FLUX] Parsage du flux : OK
[FLUX] Creation webtoolkit4.me... 
[FLUX] Parsage du flux : OK
[FLUX] Creation Web Designer Wall - Design Trends and Tutorials... 
[FLUX] Parsage du flux : OK
[FLUX] Creation Effair (remiprevost.com) — tous les billets... 
[FLUX] Parsage du flux : OK
[FLUX] Creation Dezinerfolio... 
[FLUX] Parsage du flux : OK

[DOSSIER] Creation Dev
[FLUX] Creation Web.AppStorm... 
[FLUX] Parsage du flux : OK
[FLUX] Creation Planet auto-hébergement... 
[FLUX] Parsage du flux : OK
[FLUX] Creation Best content in MoodleLab | Diigo - Groups... 
[FLUX] Parsage du flux : OK
[FLUX] Creation css4design.com | Le blogzine du designer web... 
[FLUX] Parsage du flux : OK
[FLUX] Creation La Mare du Gof... 
[FLUX] Parsage du flux : OK
[FLUX] Creation Kload... 
[FLUX] Parsage du flux : OK
[FLUX] Creation Alessandri Olivier... 
[FLUX] Parsage du flux : OK
[FLUX] Creation Johan BLEUZEN... 
[FLUX] Parsage du flux : OK
[FLUX] Creation Fredzone... 
[FLUX] Parsage du flux : OK
[FLUX] Creation Le Journal du Geek... 
[FLUX] Parsage du flux : OK
[FLUX] Creation Gizmodo... 
[FLUX] Parsage du flux : OK
[FLUX] Creation AcideBase... 
[FLUX] Parsage du flux : OK
[FLUX] Creation Korben... 
[FLUX] Parsage du flux : OK
[FLUX] Creation MANGE TA MAIN!... 
[FLUX] Parsage du flux : OK
[FLUX] Creation Plug n Geek... 
[FLUX] Parsage du flux : OK
[FLUX] Creation Les moutons enragés... 
[FLUX] Parsage du flux : OK
[FLUX] Creation aryo... 
[FLUX] Parsage du flux : OK
[FLUX] Creation Framablog... 
[FLUX] Parsage du flux : OK
[FLUX] Creation Même pas mal!... 
[FLUX] Parsage du flux : OK
[FLUX] Creation Scout123... 
[FLUX] Parsage du flux : OK
[FLUX] Creation CatsWhoCode.com... 
[FLUX] Parsage du flux : OK
[FLUX] Creation Rue89 : A la Une... 
[FLUX] Parsage du flux : OK
[FLUX] Creation Ingnu... 
[FLUX] Parsage du flux : OK
[FLUX] Creation Miximum... 
[FLUX] Parsage du flux : OK
[FLUX] Creation yensdesign - Tutorials, Web Design and Coding... 
[FLUX] Parsage du flux : OK
[FLUX] Creation PostBlue... 
[FLUX] Parsage du flux : OK
[FLUX] Creation sebsauvage.net... 
[FLUX] Parsage du flux : OK
[FLUX] Creation Le Geek Pauvre... 
[FLUX] Parsage du flux : OK
[FLUX] Creation Jarod xXx Developpeur web 2.0... 
[FLUX] Parsage du flux : OK
[FLUX] Creation djul.info... 
[FLUX] Parsage du flux : OK
[FLUX] Creation Clém4541 | Blog... 
[FLUX] Parsage du flux : OK
[FLUX] Creation pixey.de... 
[FLUX] Parsage du flux : OK
[FLUX] Creation Les intégristes... 
[FLUX] Parsage du flux : OK
[FLUX] Creation Css,feuilles de style, php, webdesign rss, news et Chroniques sur Excargot Lounge... 
[FLUX] Parsage du flux : NOK
[FLUX] Creation GuruMeditation... 
[FLUX] Parsage du flux : OK
[FLUX] Creation Tutorialzine... 
[FLUX] Parsage du flux : OK
[FLUX] Creation WebAppers... 
[FLUX] Parsage du flux : OK
[FLUX] Creation TDC... 
[FLUX] Parsage du flux : OK
[FLUX] Creation Mes liens - Le hollandais volant... 
[FLUX] Parsage du flux : OK
[FLUX] Creation PapyGeek... 
[FLUX] Parsage du flux : OK

[DOSSIER] Creation Buzz
[FLUX] Creation Actualité insolite et humour... 
[FLUX] Parsage du flux : NOK
[FLUX] Creation Buzz and people... 
[FLUX] Parsage du flux : OK

Import de flux fin : 13/05/2012 16:29:26
