Import de flux depart : 31/05/2012 16:51:28
[DOSSIER] Creation Graphisme
[FLUX] Creation Country... 
[FLUX] Parsage du flux Country: OK
[FLUX] Creation You The Designer... 
[FLUX] Parsage du flux You The Designer: OK
[FLUX] Creation Notes Log... 
[FLUX] Parsage du flux Notes Log: OK
[FLUX] Creation Le blog de nesk, illustrateur freelance, portfolio sur www.neskoncept.com... 
[FLUX] Parsage du flux Le blog de nesk, illustrateur freelance, portfolio sur www.neskoncept.com: OK
[FLUX] Creation webtoolkit4.me... 
[FLUX] Parsage du flux webtoolkit4.me: OK
[FLUX] Creation Web Designer Wall - Design Trends and Tutorials... 
[FLUX] Parsage du flux Web Designer Wall - Design Trends and Tutorials: OK
[FLUX] Creation Effair (remiprevost.com) — tous les billets... 
[FLUX] Parsage du flux Effair (remiprevost.com) — tous les billets: OK
[FLUX] Creation Dezinerfolio... 
[FLUX] Parsage du flux Dezinerfolio: OK

[DOSSIER] Creation Dev
[FLUX] Creation Web.AppStorm... 
[FLUX] Parsage du flux Web.AppStorm: OK
[FLUX] Creation Planet auto-hébergement... 
[FLUX] Parsage du flux Planet auto-hébergement: OK
[FLUX] Creation Best content in MoodleLab | Diigo - Groups... 
[FLUX] Parsage du flux Best content in MoodleLab | Diigo - Groups: OK
[FLUX] Creation css4design.com | Le blogzine du designer web... 
[FLUX] Parsage du flux css4design.com | Le blogzine du designer web: OK
[FLUX] Creation La Mare du Gof... 
[FLUX] Parsage du flux La Mare du Gof: OK
[FLUX] Creation Kload... 
[FLUX] Parsage du flux Kload: OK
[FLUX] Creation Alessandri Olivier... 
[FLUX] Parsage du flux Alessandri Olivier: OK
[FLUX] Creation Johan BLEUZEN... 
[FLUX] Parsage du flux Johan BLEUZEN: OK
[FLUX] Creation Fredzone... 
[FLUX] Parsage du flux Fredzone: OK
[FLUX] Creation Le Journal du Geek... 
[FLUX] Parsage du flux Le Journal du Geek: OK
[FLUX] Creation Gizmodo... 
[FLUX] Parsage du flux Gizmodo: OK
[FLUX] Creation AcideBase... 
[FLUX] Parsage du flux AcideBase: OK
[FLUX] Creation Korben... 
[FLUX] Parsage du flux Korben: OK
[FLUX] Creation MANGE TA MAIN!... 
[FLUX] Parsage du flux MANGE TA MAIN!: OK
[FLUX] Creation Plug n Geek... 
[FLUX] Parsage du flux Plug n Geek: OK
[FLUX] Creation Les moutons enragés... 
[FLUX] Parsage du flux Les moutons enragés: OK
[FLUX] Creation aryo... 
[FLUX] Parsage du flux aryo: OK
[FLUX] Creation Framablog... 
[FLUX] Parsage du flux Framablog: OK
[FLUX] Creation Même pas mal!... 
[FLUX] Parsage du flux Même pas mal!: OK
[FLUX] Creation Scout123... 
[FLUX] Parsage du flux Scout123: OK
[FLUX] Creation CatsWhoCode.com... 
[FLUX] Parsage du flux CatsWhoCode.com: OK
[FLUX] Creation Rue89 : A la Une... 
[FLUX] Parsage du flux Rue89 : A la Une: OK
[FLUX] Creation Ingnu... 
[FLUX] Parsage du flux Ingnu: OK
[FLUX] Creation Miximum... 
[FLUX] Parsage du flux Miximum: OK
[FLUX] Creation yensdesign - Tutorials, Web Design and Coding... 
[FLUX] Parsage du flux yensdesign - Tutorials, Web Design and Coding: OK
[FLUX] Creation PostBlue... 
[FLUX] Parsage du flux PostBlue: OK
[FLUX] Creation sebsauvage.net... 
[FLUX] Parsage du flux sebsauvage.net: OK
[FLUX] Creation Le Geek Pauvre... 
[FLUX] Parsage du flux Le Geek Pauvre: OK
[FLUX] Creation Jarod xXx Developpeur web 2.0... 
[FLUX] Parsage du flux Jarod xXx Developpeur web 2.0: OK
[FLUX] Creation djul.info... 
[FLUX] Parsage du flux djul.info: OK
[FLUX] Creation Clém4541 | Blog... 
[FLUX] Parsage du flux Clém4541 | Blog: OK
[FLUX] Creation pixey.de... 
[FLUX] Parsage du flux pixey.de: OK
[FLUX] Creation Les intégristes... 
[FLUX] Parsage du flux Les intégristes: OK
[FLUX] Creation Css,feuilles de style, php, webdesign rss, news et Chroniques sur Excargot Lounge... 
[FLUX] Parsage du flux Css,feuilles de style, php, webdesign rss, news et Chroniques sur Excargot Lounge: OK
[FLUX] Creation GuruMeditation... 
[FLUX] Parsage du flux GuruMeditation: NOK
[FLUX] Creation Tutorialzine... 
[FLUX] Parsage du flux Tutorialzine: OK
[FLUX] Creation WebAppers... 
[FLUX] Parsage du flux WebAppers: OK
[FLUX] Creation TDC... 
[FLUX] Parsage du flux TDC: OK
[FLUX] Creation Mes liens - Le hollandais volant... 
[FLUX] Parsage du flux Mes liens - Le hollandais volant: OK
[FLUX] Creation PapyGeek... 
[FLUX] Parsage du flux PapyGeek: OK

[DOSSIER] Creation Buzz
[FLUX] Creation Actualité insolite et humour... 
[FLUX] Parsage du flux Actualité insolite et humour: NOK
[FLUX] Creation Buzz and people... 
[FLUX] Parsage du flux Buzz and people: OK

[DOSSIER] Creation Téléviçion
[FLUX] Actualité insolite et humour deja existant, aucune action...

Import de flux fin : 31/05/2012 16:53:34
