Import de flux depart : 28/10/2012 16:13:24
[DOSSIER] Creation A surveiller
[FLUX] Creation http://www.65bits.com... 
[FLUX] Parsage du flux http://www.65bits.com: OK
[FLUX] Creation http://www.funinformatique.com... 
[FLUX] Parsage du flux http://www.funinformatique.com: OK
[FLUX] Creation http://www.blog-nouvelles-technologies.fr... 
[FLUX] Parsage du flux http://www.blog-nouvelles-technologies.fr: OK
[FLUX] Creation http://www.megaptery.com... 
[FLUX] Parsage du flux http://www.megaptery.com: OK
[FLUX] Creation http://www.warriordudimanche.net/... 
[FLUX] Parsage du flux http://www.warriordudimanche.net/: OK

[DOSSIER] Creation Buzz
[FLUX] Creation http://www.buzzandpeople.com... 
[FLUX] Parsage du flux http://www.buzzandpeople.com: OK

[DOSSIER] Creation Dev
[FLUX] Creation http://acidebase.kegtux.org/... 
[FLUX] Parsage du flux http://acidebase.kegtux.org/: OK
[FLUX] Creation http://aryo.fr... 
[FLUX] Parsage du flux http://aryo.fr: OK
[FLUX] Creation http://blog.djul.info/... 
[FLUX] Parsage du flux http://blog.djul.info/: OK
[FLUX] Creation http://blog.johanbleuzen.fr... 
[FLUX] Parsage du flux http://blog.johanbleuzen.fr: OK
[FLUX] Creation http://css.4design.tl... 
[FLUX] Parsage du flux http://css.4design.tl: OK
[FLUX] Creation http://geekpauvre.com... 
[FLUX] Parsage du flux http://geekpauvre.com: OK
[FLUX] Creation http://groups.diigo.com/group/moodlelab... 
[FLUX] Parsage du flux http://groups.diigo.com/group/moodlelab: OK
[FLUX] Creation http://hoper.dnsalias.net/tdc/index.php... 
[FLUX] Parsage du flux http://hoper.dnsalias.net/tdc/index.php: OK
[FLUX] Creation http://ingnu.fr... 
[FLUX] Parsage du flux http://ingnu.fr: OK
[FLUX] Creation http://kload.fr/... 
[FLUX] Parsage du flux http://kload.fr/: OK
[FLUX] Creation http://korben.info... 
[FLUX] Parsage du flux http://korben.info: OK
[FLUX] Creation http://lehollandaisvolant.net/tout/linx/... 
[FLUX] Parsage du flux http://lehollandaisvolant.net/tout/linx/: OK
[FLUX] Creation http://planet.auto-hebergement.fr... 
[FLUX] Parsage du flux http://planet.auto-hebergement.fr: OK
[FLUX] Creation http://postblue.info... 
[FLUX] Parsage du flux http://postblue.info: OK
[FLUX] Creation http://sebsauvage.net/links/index.php... 
[FLUX] Parsage du flux http://sebsauvage.net/links/index.php: OK
[FLUX] Creation http://sebsauvage.net/rhaa/... 
[FLUX] Parsage du flux http://sebsauvage.net/rhaa/: OK
[FLUX] Creation http://tutorialzine.com... 
[FLUX] Parsage du flux http://tutorialzine.com: OK
[FLUX] Creation http://web.appstorm.net... 
[FLUX] Parsage du flux http://web.appstorm.net: OK
[FLUX] Creation http://www.alessandri.info... 
[FLUX] Parsage du flux http://www.alessandri.info: OK
[FLUX] Creation http://www.catswhocode.com/blog... 
[FLUX] Parsage du flux http://www.catswhocode.com/blog: OK
[FLUX] Creation http://www.framablog.org/index.php/... 
[FLUX] Parsage du flux http://www.framablog.org/index.php/: OK
[FLUX] Creation http://www.fredzone.org... 
[FLUX] Parsage du flux http://www.fredzone.org: OK
[FLUX] Creation http://www.gizmodo.fr... 
[FLUX] Parsage du flux http://www.gizmodo.fr: OK
[FLUX] Creation http://www.jarodxxx.com... 
[FLUX] Parsage du flux http://www.jarodxxx.com: OK
[FLUX] Creation http://www.journaldugeek.com... 
[FLUX] Parsage du flux http://www.journaldugeek.com: OK
[FLUX] Creation http://www.lesintegristes.net... 
[FLUX] Parsage du flux http://www.lesintegristes.net: OK
[FLUX] Creation http://www.miximum.fr... 
[FLUX] Parsage du flux http://www.miximum.fr: OK
[FLUX] Creation http://www.papygeek.com... 
[FLUX] Parsage du flux http://www.papygeek.com: OK
[FLUX] Creation http://www.pixey.de... 
[FLUX] Parsage du flux http://www.pixey.de: OK
[FLUX] Creation http://www.plugngeek.net/... 
[FLUX] Parsage du flux http://www.plugngeek.net/: OK
[FLUX] Creation http://www.scout123.net... 
[FLUX] Parsage du flux http://www.scout123.net: OK
[FLUX] Creation http://www.webappers.com... 
[FLUX] Parsage du flux http://www.webappers.com: OK
[FLUX] Creation http://yensdesign.com... 
[FLUX] Parsage du flux http://yensdesign.com: OK

[DOSSIER] Creation General
[FLUX] Creation http://graphism.fr... 
[FLUX] Parsage du flux http://graphism.fr: OK
[FLUX] Creation http://lamaredugof.fr/blog... 
[FLUX] Parsage du flux http://lamaredugof.fr/blog: OK
[FLUX] Creation http://lesmoutonsenrages.fr... 
[FLUX] Parsage du flux http://lesmoutonsenrages.fr: OK
[FLUX] Creation http://www.gurumed.org... 
[FLUX] Parsage du flux http://www.gurumed.org: OK
[FLUX] Creation http://www.hteumeuleu.fr... 
[FLUX] Parsage du flux http://www.hteumeuleu.fr: OK
[FLUX] Creation http://www.mangetamain.fr... 
[FLUX] Parsage du flux http://www.mangetamain.fr: OK
[FLUX] Creation http://www.memepasmal.ch... 
[FLUX] Parsage du flux http://www.memepasmal.ch: OK
[FLUX] Creation http://www.rue89.com... 
[FLUX] Parsage du flux http://www.rue89.com: OK

[DOSSIER] Creation Potes
[FLUX] Creation http://clem4541.barti.fr... 
[FLUX] Parsage du flux http://clem4541.barti.fr: OK

[DOSSIER] Creation Raspberry PI
[FLUX] Creation http://www.raspberrypi.org... 
[FLUX] Parsage du flux http://www.raspberrypi.org: OK
[FLUX] Creation http://www.zem.fr... 
[FLUX] Parsage du flux http://www.zem.fr: OK

Import de flux fin : 28/10/2012 16:14:25
